<?xml version="1.0" encoding="UTF-8"?>
<!-- Generated by org.testng.reporters.JUnitReportReporter -->
<testsuite hostname="DESKTOP-9T9I8II" failures="0" tests="1" name="tests.LoginTests" time="27.685" errors="0" timestamp="2020-04-02T18:10:32 EDT" skipped="0">
  <testcase classname="tests.LoginTests" name="ValidUserNameValidPassword" time="27.685"/>
  <system-out/>
</testsuite> <!-- tests.LoginTests -->
